{"C:\\Users\\sathiyanarayan.sekar\\.net Bridge Course\\.net-React_Course\\Week5\\student-portal\\src\\api\\axiosConfig.js": {"path":"C:\\Users\\sathiyanarayan.sekar\\.net Bridge Course\\.net-React_Course\\Week5\\student-portal\\src\\api\\axiosConfig.js","statementMap":{"0":{"start":{"line":3,"column":12},"end":{"line":5,"column":null}},"1":{"start":{"line":7,"column":0},"end":{"line":15,"column":null}},"2":{"start":{"line":8,"column":16},"end":{"line":8,"column":null}},"3":{"start":{"line":9,"column":2},"end":{"line":11,"column":null}},"4":{"start":{"line":10,"column":4},"end":{"line":10,"column":null}},"5":{"start":{"line":12,"column":2},"end":{"line":12,"column":null}},"6":{"start":{"line":14,"column":2},"end":{"line":14,"column":null}}},"fnMap":{"0":{"name":"(anonymous_0)","decl":{"start":{"line":7,"column":25},"end":{"line":7,"column":30}},"loc":{"start":{"line":7,"column":41},"end":{"line":13,"column":4}},"line":7},"1":{"name":"(anonymous_1)","decl":{"start":{"line":13,"column":0},"end":{"line":13,"column":4}},"loc":{"start":{"line":13,"column":14},"end":{"line":15,"column":1}},"line":13}},"branchMap":{"0":{"loc":{"start":{"line":9,"column":2},"end":{"line":11,"column":null}},"type":"if","locations":[{"start":{"line":9,"column":2},"end":{"line":11,"column":null}},{"start":{},"end":{}}],"line":9}},"s":{"0":5,"1":5,"2":2,"3":2,"4":1,"5":2,"6":0},"f":{"0":2,"1":0},"b":{"0":[1,1]},"meta":{"lastBranch":1,"lastFunction":2,"lastStatement":7,"seen":{"s:3:12:5:Infinity":0,"s:7:0:15:Infinity":1,"f:7:25:7:30":0,"s:8:16:8:Infinity":2,"b:9:2:11:Infinity:undefined:undefined:undefined:undefined":0,"s:9:2:11:Infinity":3,"s:10:4:10:Infinity":4,"s:12:2:12:Infinity":5,"f:13:0:13:4":1,"s:14:2:14:Infinity":6},"fnNames":{}}}
,"C:\\Users\\sathiyanarayan.sekar\\.net Bridge Course\\.net-React_Course\\Week5\\student-portal\\src\\components\\StudentList.jsx": {"path":"C:\\Users\\sathiyanarayan.sekar\\.net Bridge Course\\.net-React_Course\\Week5\\student-portal\\src\\components\\StudentList.jsx","statementMap":{"0":{"start":{"line":4,"column":6},"end":{"line":25,"column":null}},"1":{"start":{"line":5,"column":2},"end":{"line":23,"column":null}},"2":{"start":{"line":19,"column":12},"end":{"line":19,"column":null}}},"fnMap":{"0":{"name":"(anonymous_0)","decl":{"start":{"line":4,"column":6},"end":{"line":4,"column":21}},"loc":{"start":{"line":4,"column":44},"end":{"line":25,"column":null}},"line":4},"1":{"name":"(anonymous_1)","decl":{"start":{"line":18,"column":20},"end":{"line":18,"column":25}},"loc":{"start":{"line":19,"column":12},"end":{"line":19,"column":null}},"line":19}},"branchMap":{"0":{"loc":{"start":{"line":19,"column":29},"end":{"line":19,"column":59}},"type":"binary-expr","locations":[{"start":{"line":19,"column":29},"end":{"line":19,"column":43}},{"start":{"line":19,"column":43},"end":{"line":19,"column":59}}],"line":19}},"s":{"0":2,"1":7,"2":16},"f":{"0":7,"1":16},"b":{"0":[16,3]},"meta":{"lastBranch":1,"lastFunction":2,"lastStatement":3,"seen":{"s:4:6:25:Infinity":0,"f:4:6:4:21":0,"s:5:2:23:Infinity":1,"f:18:20:18:25":1,"s:19:12:19:Infinity":2,"b:19:29:19:43:19:43:19:59":0},"fnNames":{}}}
,"C:\\Users\\sathiyanarayan.sekar\\.net Bridge Course\\.net-React_Course\\Week5\\student-portal\\src\\components\\StudentRow.jsx": {"path":"C:\\Users\\sathiyanarayan.sekar\\.net Bridge Course\\.net-React_Course\\Week5\\student-portal\\src\\components\\StudentRow.jsx","statementMap":{"0":{"start":{"line":3,"column":6},"end":{"line":20,"column":null}},"1":{"start":{"line":4,"column":2},"end":{"line":18,"column":null}}},"fnMap":{"0":{"name":"(anonymous_0)","decl":{"start":{"line":3,"column":6},"end":{"line":3,"column":20}},"loc":{"start":{"line":3,"column":42},"end":{"line":20,"column":null}},"line":3}},"branchMap":{"0":{"loc":{"start":{"line":11,"column":9},"end":{"line":17,"column":null}},"type":"binary-expr","locations":[{"start":{"line":11,"column":9},"end":{"line":11,"column":null}},{"start":{"line":12,"column":10},"end":{"line":17,"column":null}}],"line":11}},"s":{"0":2,"1":16},"f":{"0":16},"b":{"0":[16,10]},"meta":{"lastBranch":1,"lastFunction":1,"lastStatement":2,"seen":{"s:3:6:20:Infinity":0,"f:3:6:3:20":0,"s:4:2:18:Infinity":1,"b:11:9:11:Infinity:12:10:17:Infinity":0},"fnNames":{}}}
,"C:\\Users\\sathiyanarayan.sekar\\.net Bridge Course\\.net-React_Course\\Week5\\student-portal\\src\\pages\\LoginPage.jsx": {"path":"C:\\Users\\sathiyanarayan.sekar\\.net Bridge Course\\.net-React_Course\\Week5\\student-portal\\src\\pages\\LoginPage.jsx","statementMap":{"0":{"start":{"line":6,"column":6},"end":{"line":60,"column":null}},"1":{"start":{"line":7,"column":19},"end":{"line":7,"column":31}},"2":{"start":{"line":8,"column":34},"end":{"line":11,"column":null}},"3":{"start":{"line":12,"column":28},"end":{"line":12,"column":null}},"4":{"start":{"line":14,"column":8},"end":{"line":19,"column":null}},"5":{"start":{"line":15,"column":4},"end":{"line":18,"column":null}},"6":{"start":{"line":21,"column":23},"end":{"line":38,"column":null}},"7":{"start":{"line":22,"column":4},"end":{"line":22,"column":null}},"8":{"start":{"line":23,"column":4},"end":{"line":37,"column":null}},"9":{"start":{"line":24,"column":23},"end":{"line":24,"column":null}},"10":{"start":{"line":25,"column":24},"end":{"line":25,"column":null}},"11":{"start":{"line":26,"column":6},"end":{"line":26,"column":null}},"12":{"start":{"line":28,"column":22},"end":{"line":28,"column":null}},"13":{"start":{"line":29,"column":6},"end":{"line":32,"column":null}},"14":{"start":{"line":30,"column":21},"end":{"line":30,"column":null}},"15":{"start":{"line":31,"column":8},"end":{"line":31,"column":null}},"16":{"start":{"line":34,"column":6},"end":{"line":34,"column":null}},"17":{"start":{"line":36,"column":6},"end":{"line":36,"column":null}},"18":{"start":{"line":40,"column":2},"end":{"line":58,"column":null}}},"fnMap":{"0":{"name":"(anonymous_0)","decl":{"start":{"line":6,"column":6},"end":{"line":6,"column":24}},"loc":{"start":{"line":6,"column":24},"end":{"line":60,"column":null}},"line":6},"1":{"name":"(anonymous_1)","decl":{"start":{"line":14,"column":8},"end":{"line":14,"column":24}},"loc":{"start":{"line":14,"column":30},"end":{"line":19,"column":null}},"line":14},"2":{"name":"(anonymous_2)","decl":{"start":{"line":21,"column":23},"end":{"line":21,"column":30}},"loc":{"start":{"line":21,"column":36},"end":{"line":38,"column":null}},"line":21}},"branchMap":{"0":{"loc":{"start":{"line":29,"column":6},"end":{"line":32,"column":null}},"type":"if","locations":[{"start":{"line":29,"column":6},"end":{"line":32,"column":null}},{"start":{},"end":{}}],"line":29},"1":{"loc":{"start":{"line":29,"column":10},"end":{"line":29,"column":128}},"type":"binary-expr","locations":[{"start":{"line":29,"column":10},"end":{"line":29,"column":22}},{"start":{"line":29,"column":22},"end":{"line":29,"column":38}},{"start":{"line":29,"column":38},"end":{"line":29,"column":54}},{"start":{"line":29,"column":54},"end":{"line":29,"column":128}}],"line":29},"2":{"loc":{"start":{"line":30,"column":21},"end":{"line":30,"column":null}},"type":"binary-expr","locations":[{"start":{"line":30,"column":21},"end":{"line":30,"column":37}},{"start":{"line":30,"column":37},"end":{"line":30,"column":53}},{"start":{"line":30,"column":53},"end":{"line":30,"column":null}}],"line":30},"3":{"loc":{"start":{"line":43,"column":7},"end":{"line":43,"column":null}},"type":"binary-expr","locations":[{"start":{"line":43,"column":7},"end":{"line":43,"column":16}},{"start":{"line":43,"column":16},"end":{"line":43,"column":null}}],"line":43}},"s":{"0":1,"1":12,"2":12,"3":12,"4":12,"5":6,"6":12,"7":3,"8":3,"9":3,"10":2,"11":2,"12":2,"13":2,"14":1,"15":1,"16":2,"17":1,"18":12},"f":{"0":12,"1":6,"2":3},"b":{"0":[1,1],"1":[2,2,1,1],"2":[1,0,0],"3":[12,1]},"meta":{"lastBranch":4,"lastFunction":3,"lastStatement":19,"seen":{"s:6:6:60:Infinity":0,"f:6:6:6:24":0,"s:7:19:7:31":1,"s:8:34:11:Infinity":2,"s:12:28:12:Infinity":3,"s:14:8:19:Infinity":4,"f:14:8:14:24":1,"s:15:4:18:Infinity":5,"s:21:23:38:Infinity":6,"f:21:23:21:30":2,"s:22:4:22:Infinity":7,"s:23:4:37:Infinity":8,"s:24:23:24:Infinity":9,"s:25:24:25:Infinity":10,"s:26:6:26:Infinity":11,"s:28:22:28:Infinity":12,"b:29:6:32:Infinity:undefined:undefined:undefined:undefined":0,"s:29:6:32:Infinity":13,"b:29:10:29:22:29:22:29:38:29:38:29:54:29:54:29:128":1,"s:30:21:30:Infinity":14,"b:30:21:30:37:30:37:30:53:30:53:30:Infinity":2,"s:31:8:31:Infinity":15,"s:34:6:34:Infinity":16,"s:36:6:36:Infinity":17,"s:40:2:58:Infinity":18,"b:43:7:43:16:43:16:43:Infinity":3},"fnNames":{}}}
,"C:\\Users\\sathiyanarayan.sekar\\.net Bridge Course\\.net-React_Course\\Week5\\student-portal\\src\\pages\\RegisterPage.jsx": {"path":"C:\\Users\\sathiyanarayan.sekar\\.net Bridge Course\\.net-React_Course\\Week5\\student-portal\\src\\pages\\RegisterPage.jsx","statementMap":{"0":{"start":{"line":5,"column":6},"end":{"line":65,"column":null}},"1":{"start":{"line":6,"column":19},"end":{"line":6,"column":31}},"2":{"start":{"line":7,"column":34},"end":{"line":13,"column":null}},"3":{"start":{"line":15,"column":18},"end":{"line":15,"column":null}},"4":{"start":{"line":17,"column":8},"end":{"line":22,"column":null}},"5":{"start":{"line":18,"column":4},"end":{"line":21,"column":null}},"6":{"start":{"line":24,"column":23},"end":{"line":35,"column":null}},"7":{"start":{"line":25,"column":4},"end":{"line":25,"column":null}},"8":{"start":{"line":26,"column":4},"end":{"line":26,"column":null}},"9":{"start":{"line":26,"column":18},"end":{"line":26,"column":null}},"10":{"start":{"line":28,"column":4},"end":{"line":34,"column":null}},"11":{"start":{"line":29,"column":6},"end":{"line":29,"column":null}},"12":{"start":{"line":30,"column":6},"end":{"line":30,"column":null}},"13":{"start":{"line":32,"column":6},"end":{"line":32,"column":null}},"14":{"start":{"line":33,"column":6},"end":{"line":33,"column":null}},"15":{"start":{"line":37,"column":2},"end":{"line":63,"column":null}}},"fnMap":{"0":{"name":"(anonymous_0)","decl":{"start":{"line":5,"column":6},"end":{"line":5,"column":27}},"loc":{"start":{"line":5,"column":27},"end":{"line":65,"column":null}},"line":5},"1":{"name":"(anonymous_1)","decl":{"start":{"line":17,"column":8},"end":{"line":17,"column":24}},"loc":{"start":{"line":17,"column":30},"end":{"line":22,"column":null}},"line":17},"2":{"name":"(anonymous_2)","decl":{"start":{"line":24,"column":23},"end":{"line":24,"column":30}},"loc":{"start":{"line":24,"column":36},"end":{"line":35,"column":null}},"line":24}},"branchMap":{"0":{"loc":{"start":{"line":15,"column":18},"end":{"line":15,"column":null}},"type":"binary-expr","locations":[{"start":{"line":15,"column":18},"end":{"line":15,"column":35}},{"start":{"line":15,"column":35},"end":{"line":15,"column":51}},{"start":{"line":15,"column":51},"end":{"line":15,"column":75}},{"start":{"line":15,"column":75},"end":{"line":15,"column":93}},{"start":{"line":15,"column":93},"end":{"line":15,"column":null}}],"line":15},"1":{"loc":{"start":{"line":26,"column":4},"end":{"line":26,"column":null}},"type":"if","locations":[{"start":{"line":26,"column":4},"end":{"line":26,"column":null}},{"start":{},"end":{}}],"line":26}},"s":{"0":1,"1":20,"2":20,"3":20,"4":20,"5":16,"6":20,"7":2,"8":2,"9":0,"10":2,"11":2,"12":1,"13":1,"14":1,"15":20},"f":{"0":20,"1":16,"2":2},"b":{"0":[20,17,14,11,8],"1":[0,2]},"meta":{"lastBranch":2,"lastFunction":3,"lastStatement":16,"seen":{"s:5:6:65:Infinity":0,"f:5:6:5:27":0,"s:6:19:6:31":1,"s:7:34:13:Infinity":2,"s:15:18:15:Infinity":3,"b:15:18:15:35:15:35:15:51:15:51:15:75:15:75:15:93:15:93:15:Infinity":0,"s:17:8:22:Infinity":4,"f:17:8:17:24":1,"s:18:4:21:Infinity":5,"s:24:23:35:Infinity":6,"f:24:23:24:30":2,"s:25:4:25:Infinity":7,"b:26:4:26:Infinity:undefined:undefined:undefined:undefined":1,"s:26:4:26:Infinity":8,"s:26:18:26:Infinity":9,"s:28:4:34:Infinity":10,"s:29:6:29:Infinity":11,"s:30:6:30:Infinity":12,"s:32:6:32:Infinity":13,"s:33:6:33:Infinity":14,"s:37:2:63:Infinity":15},"fnNames":{}}}
,"C:\\Users\\sathiyanarayan.sekar\\.net Bridge Course\\.net-React_Course\\Week5\\student-portal\\src\\pages\\StudentsPage.jsx": {"path":"C:\\Users\\sathiyanarayan.sekar\\.net Bridge Course\\.net-React_Course\\Week5\\student-portal\\src\\pages\\StudentsPage.jsx","statementMap":{"0":{"start":{"line":5,"column":6},"end":{"line":68,"column":null}},"1":{"start":{"line":6,"column":34},"end":{"line":6,"column":null}},"2":{"start":{"line":7,"column":38},"end":{"line":7,"column":null}},"3":{"start":{"line":8,"column":32},"end":{"line":8,"column":null}},"4":{"start":{"line":10,"column":2},"end":{"line":24,"column":null}},"5":{"start":{"line":11,"column":26},"end":{"line":22,"column":null}},"6":{"start":{"line":12,"column":6},"end":{"line":21,"column":null}},"7":{"start":{"line":13,"column":8},"end":{"line":13,"column":null}},"8":{"start":{"line":15,"column":25},"end":{"line":15,"column":null}},"9":{"start":{"line":15,"column":65},"end":{"line":15,"column":78}},"10":{"start":{"line":16,"column":8},"end":{"line":16,"column":null}},"11":{"start":{"line":18,"column":8},"end":{"line":18,"column":null}},"12":{"start":{"line":20,"column":8},"end":{"line":20,"column":null}},"13":{"start":{"line":23,"column":4},"end":{"line":23,"column":null}},"14":{"start":{"line":26,"column":27},"end":{"line":29,"column":null}},"15":{"start":{"line":27,"column":4},"end":{"line":28,"column":null}},"16":{"start":{"line":31,"column":15},"end":{"line":31,"column":null}},"17":{"start":{"line":33,"column":2},"end":{"line":66,"column":null}},"18":{"start":{"line":39,"column":54},"end":{"line":39,"column":76}},"19":{"start":{"line":39,"column":76},"end":{"line":39,"column":109}},"20":{"start":{"line":49,"column":29},"end":{"line":49,"column":null}}},"fnMap":{"0":{"name":"(anonymous_0)","decl":{"start":{"line":5,"column":6},"end":{"line":5,"column":27}},"loc":{"start":{"line":5,"column":27},"end":{"line":68,"column":null}},"line":5},"1":{"name":"(anonymous_1)","decl":{"start":{"line":10,"column":2},"end":{"line":10,"column":18}},"loc":{"start":{"line":10,"column":18},"end":{"line":24,"column":5}},"line":10},"2":{"name":"(anonymous_2)","decl":{"start":{"line":11,"column":26},"end":{"line":11,"column":38}},"loc":{"start":{"line":11,"column":38},"end":{"line":22,"column":null}},"line":11},"3":{"name":"(anonymous_3)","decl":{"start":{"line":15,"column":52},"end":{"line":15,"column":65}},"loc":{"start":{"line":15,"column":65},"end":{"line":15,"column":78}},"line":15},"4":{"name":"(anonymous_4)","decl":{"start":{"line":26,"column":36},"end":{"line":26,"column":43}},"loc":{"start":{"line":27,"column":4},"end":{"line":28,"column":null}},"line":27},"5":{"name":"(anonymous_5)","decl":{"start":{"line":39,"column":37},"end":{"line":39,"column":52}},"loc":{"start":{"line":39,"column":52},"end":{"line":39,"column":112}},"line":39},"6":{"name":"(anonymous_6)","decl":{"start":{"line":49,"column":12},"end":{"line":49,"column":23}},"loc":{"start":{"line":49,"column":29},"end":{"line":49,"column":null}},"line":49}},"branchMap":{"0":{"loc":{"start":{"line":27,"column":4},"end":{"line":28,"column":null}},"type":"binary-expr","locations":[{"start":{"line":27,"column":4},"end":{"line":27,"column":null}},{"start":{"line":28,"column":4},"end":{"line":28,"column":null}}],"line":27},"1":{"loc":{"start":{"line":38,"column":41},"end":{"line":38,"column":65}},"type":"binary-expr","locations":[{"start":{"line":38,"column":41},"end":{"line":38,"column":49}},{"start":{"line":38,"column":49},"end":{"line":38,"column":65}}],"line":38},"2":{"loc":{"start":{"line":57,"column":11},"end":{"line":62,"column":null}},"type":"cond-expr","locations":[{"start":{"line":58,"column":12},"end":{"line":59,"column":31}},{"start":{"line":59,"column":14},"end":{"line":62,"column":null}}],"line":57},"3":{"loc":{"start":{"line":59,"column":14},"end":{"line":62,"column":null}},"type":"cond-expr","locations":[{"start":{"line":60,"column":12},"end":{"line":62,"column":13}},{"start":{"line":62,"column":12},"end":{"line":62,"column":null}}],"line":59}},"s":{"0":2,"1":8,"2":8,"3":8,"4":8,"5":3,"6":3,"7":3,"8":3,"9":0,"10":3,"11":0,"12":3,"13":3,"14":8,"15":10,"16":8,"17":8,"18":0,"19":0,"20":2},"f":{"0":8,"1":3,"2":3,"3":0,"4":10,"5":0,"6":2},"b":{"0":[10,3],"1":[8,0],"2":[3,5],"3":[1,4]},"meta":{"lastBranch":4,"lastFunction":7,"lastStatement":21,"seen":{"s:5:6:68:Infinity":0,"f:5:6:5:27":0,"s:6:34:6:Infinity":1,"s:7:38:7:Infinity":2,"s:8:32:8:Infinity":3,"s:10:2:24:Infinity":4,"f:10:2:10:18":1,"s:11:26:22:Infinity":5,"f:11:26:11:38":2,"s:12:6:21:Infinity":6,"s:13:8:13:Infinity":7,"s:15:25:15:Infinity":8,"f:15:52:15:65":3,"s:15:65:15:78":9,"s:16:8:16:Infinity":10,"s:18:8:18:Infinity":11,"s:20:8:20:Infinity":12,"s:23:4:23:Infinity":13,"s:26:27:29:Infinity":14,"f:26:36:26:43":4,"s:27:4:28:Infinity":15,"b:27:4:27:Infinity:28:4:28:Infinity":0,"s:31:15:31:Infinity":16,"s:33:2:66:Infinity":17,"b:38:41:38:49:38:49:38:65":1,"f:39:37:39:52":5,"s:39:54:39:76":18,"s:39:76:39:109":19,"f:49:12:49:23":6,"s:49:29:49:Infinity":20,"b:58:12:59:31:59:14:62:Infinity":2,"b:60:12:62:13:62:12:62:Infinity":3},"fnNames":{}}}
,"C:\\Users\\sathiyanarayan.sekar\\.net Bridge Course\\.net-React_Course\\Week5\\student-portal\\src\\utils\\jwt.js": {"path":"C:\\Users\\sathiyanarayan.sekar\\.net Bridge Course\\.net-React_Course\\Week5\\student-portal\\src\\utils\\jwt.js","statementMap":{"0":{"start":{"line":1,"column":13},"end":{"line":13,"column":null}},"1":{"start":{"line":2,"column":2},"end":{"line":12,"column":null}},"2":{"start":{"line":3,"column":22},"end":{"line":3,"column":null}},"3":{"start":{"line":4,"column":19},"end":{"line":4,"column":null}},"4":{"start":{"line":5,"column":24},"end":{"line":7,"column":null}},"5":{"start":{"line":6,"column":6},"end":{"line":6,"column":null}},"6":{"start":{"line":9,"column":4},"end":{"line":9,"column":null}},"7":{"start":{"line":11,"column":4},"end":{"line":11,"column":null}}},"fnMap":{"0":{"name":"(anonymous_0)","decl":{"start":{"line":1,"column":13},"end":{"line":1,"column":25}},"loc":{"start":{"line":1,"column":35},"end":{"line":13,"column":null}},"line":1},"1":{"name":"(anonymous_1)","decl":{"start":{"line":5,"column":70},"end":{"line":5,"column":79}},"loc":{"start":{"line":5,"column":82},"end":{"line":7,"column":5}},"line":5}},"branchMap":{},"s":{"0":2,"1":2,"2":2,"3":2,"4":2,"5":18,"6":2,"7":1},"f":{"0":2,"1":18},"b":{},"meta":{"lastBranch":0,"lastFunction":2,"lastStatement":8,"seen":{"s:1:13:13:Infinity":0,"f:1:13:1:25":0,"s:2:2:12:Infinity":1,"s:3:22:3:Infinity":2,"s:4:19:4:Infinity":3,"s:5:24:7:Infinity":4,"f:5:70:5:79":1,"s:6:6:6:Infinity":5,"s:9:4:9:Infinity":6,"s:11:4:11:Infinity":7},"fnNames":{}}}
}
